<?xml version="1.0" encoding="UTF-8"?>
<testsuite xmlns:xsi="http://www.w3.org/2001/XMLSchema-instance" xsi:noNamespaceSchemaLocation="https://maven.apache.org/surefire/maven-surefire-plugin/xsd/surefire-test-report.xsd" name="org.keycloak.protocol.oidc.federation.tests.TestTrustChains" time="1.512" tests="2" errors="0" skipped="0" failures="0">
  <properties>
    <property name="sun.desktop" value="gnome"/>
    <property name="awt.toolkit" value="sun.awt.X11.XToolkit"/>
    <property name="file.encoding.pkg" value="sun.io"/>
    <property name="java.specification.version" value="1.8"/>
    <property name="sun.cpu.isalist" value=""/>
    <property name="sun.jnu.encoding" value="UTF-8"/>
    <property name="java.class.path" value="/home/pc/IdeaProjects/keycloak-oidc-federation/keycloak-oidc-federation/target/test-classes:/home/pc/IdeaProjects/keycloak-oidc-federation/keycloak-oidc-federation/target/classes:/home/pc/.m2/repository/org/keycloak/keycloak-core/11.0.1/keycloak-core-11.0.1.jar:/home/pc/.m2/repository/org/bouncycastle/bcprov-jdk15on/1.65/bcprov-jdk15on-1.65.jar:/home/pc/.m2/repository/org/bouncycastle/bcpkix-jdk15on/1.65/bcpkix-jdk15on-1.65.jar:/home/pc/.m2/repository/org/keycloak/keycloak-services/11.0.1/keycloak-services-11.0.1.jar:/home/pc/.m2/repository/com/sun/mail/jakarta.mail/1.6.5/jakarta.mail-1.6.5.jar:/home/pc/.m2/repository/org/glassfish/jakarta.json/1.1.6/jakarta.json-1.1.6.jar:/home/pc/.m2/repository/org/twitter4j/twitter4j-core/4.0.7/twitter4j-core-4.0.7.jar:/home/pc/.m2/repository/org/jboss/spec/javax/ws/rs/jboss-jaxrs-api_2.1_spec/2.0.1.Final/jboss-jaxrs-api_2.1_spec-2.0.1.Final.jar:/home/pc/.m2/repository/org/jboss/spec/javax/transaction/jboss-transaction-api_1.3_spec/2.0.0.Final/jboss-transaction-api_1.3_spec-2.0.0.Final.jar:/home/pc/.m2/repository/org/jboss/resteasy/resteasy-multipart-provider/3.12.1.Final/resteasy-multipart-provider-3.12.1.Final.jar:/home/pc/.m2/repository/org/jboss/resteasy/resteasy-jaxb-provider/3.12.1.Final/resteasy-jaxb-provider-3.12.1.Final.jar:/home/pc/.m2/repository/org/apache/james/apache-mime4j/0.6/apache-mime4j-0.6.jar:/home/pc/.m2/repository/com/googlecode/owasp-java-html-sanitizer/owasp-java-html-sanitizer/20191001.1/owasp-java-html-sanitizer-20191001.1.jar:/home/pc/.m2/repository/com/google/guava/guava/25.0-jre/guava-25.0-jre.jar:/home/pc/.m2/repository/com/google/code/findbugs/jsr305/1.3.9/jsr305-1.3.9.jar:/home/pc/.m2/repository/org/checkerframework/checker-compat-qual/2.0.0/checker-compat-qual-2.0.0.jar:/home/pc/.m2/repository/com/google/errorprone/error_prone_annotations/2.1.3/error_prone_annotations-2.1.3.jar:/home/pc/.m2/repository/com/google/j2objc/j2objc-annotations/1.1/j2objc-annotations-1.1.jar:/home/pc/.m2/repository/org/codehaus/mojo/animal-sniffer-annotations/1.14/animal-sniffer-annotations-1.14.jar:/home/pc/.m2/repository/com/fasterxml/jackson/core/jackson-annotations/2.10.4/jackson-annotations-2.10.4.jar:/home/pc/.m2/repository/com/fasterxml/jackson/datatype/jackson-datatype-jdk8/2.10.4/jackson-datatype-jdk8-2.10.4.jar:/home/pc/.m2/repository/com/google/zxing/javase/3.4.0/javase-3.4.0.jar:/home/pc/.m2/repository/com/google/zxing/core/3.4.0/core-3.4.0.jar:/home/pc/.m2/repository/com/github/jai-imageio/jai-imageio-core/1.4.0/jai-imageio-core-1.4.0.jar:/home/pc/.m2/repository/com/openshift/openshift-restclient-java/8.0.0.Final/openshift-restclient-java-8.0.0.Final.jar:/home/pc/.m2/repository/com/squareup/okhttp3/okhttp/3.14.2/okhttp-3.14.2.jar:/home/pc/.m2/repository/com/squareup/okio/okio/1.17.2/okio-1.17.2.jar:/home/pc/.m2/repository/org/jboss/jboss-dmr/1.5.1.Final/jboss-dmr-1.5.1.Final.jar:/home/pc/.m2/repository/commons-io/commons-io/2.6/commons-io-2.6.jar:/home/pc/.m2/repository/org/apache/commons/commons-compress/1.18/commons-compress-1.18.jar:/home/pc/.m2/repository/org/slf4j/slf4j-api/1.7.30/slf4j-api-1.7.30.jar:/home/pc/.m2/repository/org/slf4j/slf4j-log4j12/1.7.30/slf4j-log4j12-1.7.30.jar:/home/pc/.m2/repository/log4j/log4j/1.2.17/log4j-1.2.17.jar:/home/pc/.m2/repository/commons-codec/commons-codec/1.6/commons-codec-1.6.jar:/home/pc/.m2/repository/commons-lang/commons-lang/2.6/commons-lang-2.6.jar:/home/pc/.m2/repository/com/webauthn4j/webauthn4j-core/0.12.0.RELEASE/webauthn4j-core-0.12.0.RELEASE.jar:/home/pc/.m2/repository/com/webauthn4j/webauthn4j-util/0.12.0.RELEASE/webauthn4j-util-0.12.0.RELEASE.jar:/home/pc/.m2/repository/org/apache/kerby/kerby-asn1/2.0.0/kerby-asn1-2.0.0.jar:/home/pc/.m2/repository/com/fasterxml/jackson/dataformat/jackson-dataformat-cbor/2.10.4/jackson-dataformat-cbor-2.10.4.jar:/home/pc/.m2/repository/org/keycloak/keycloak-common/11.0.1/keycloak-common-11.0.1.jar:/home/pc/.m2/repository/com/sun/activation/jakarta.activation/1.2.1/jakarta.activation-1.2.1.jar:/home/pc/.m2/repository/org/keycloak/keycloak-server-spi/11.0.1/keycloak-server-spi-11.0.1.jar:/home/pc/.m2/repository/org/keycloak/keycloak-server-spi-private/11.0.1/keycloak-server-spi-private-11.0.1.jar:/home/pc/.m2/repository/com/github/ua-parser/uap-java/1.4.3/uap-java-1.4.3.jar:/home/pc/.m2/repository/org/apache/commons/commons-collections4/4.1/commons-collections4-4.1.jar:/home/pc/.m2/repository/org/keycloak/keycloak-model-jpa/11.0.1/keycloak-model-jpa-11.0.1.jar:/home/pc/.m2/repository/org/jboss/logging/jboss-logging/3.4.1.Final/jboss-logging-3.4.1.Final.jar:/home/pc/.m2/repository/com/nimbusds/nimbus-jose-jwt/9.0/nimbus-jose-jwt-9.0.jar:/home/pc/.m2/repository/com/github/stephenc/jcip/jcip-annotations/1.0-1/jcip-annotations-1.0-1.jar:/home/pc/.m2/repository/com/fasterxml/jackson/core/jackson-databind/2.10.4/jackson-databind-2.10.4.jar:/home/pc/.m2/repository/com/fasterxml/jackson/core/jackson-core/2.10.4/jackson-core-2.10.4.jar:/home/pc/.m2/repository/org/liquibase/liquibase-core/3.5.5/liquibase-core-3.5.5.jar:/home/pc/.m2/repository/jakarta/persistence/jakarta.persistence-api/2.2.3/jakarta.persistence-api-2.2.3.jar:/home/pc/.m2/repository/org/hibernate/hibernate-core/5.3.17.Final/hibernate-core-5.3.17.Final.jar:/home/pc/.m2/repository/javax/persistence/javax.persistence-api/2.2/javax.persistence-api-2.2.jar:/home/pc/.m2/repository/org/javassist/javassist/3.23.2-GA/javassist-3.23.2-GA.jar:/home/pc/.m2/repository/net/bytebuddy/byte-buddy/1.9.11/byte-buddy-1.9.11.jar:/home/pc/.m2/repository/antlr/antlr/2.7.7/antlr-2.7.7.jar:/home/pc/.m2/repository/org/jboss/spec/javax/transaction/jboss-transaction-api_1.2_spec/1.1.1.Final/jboss-transaction-api_1.2_spec-1.1.1.Final.jar:/home/pc/.m2/repository/org/jboss/jandex/2.0.5.Final/jandex-2.0.5.Final.jar:/home/pc/.m2/repository/com/fasterxml/classmate/1.3.4/classmate-1.3.4.jar:/home/pc/.m2/repository/javax/activation/javax.activation-api/1.2.0/javax.activation-api-1.2.0.jar:/home/pc/.m2/repository/org/dom4j/dom4j/2.1.3/dom4j-2.1.3.jar:/home/pc/.m2/repository/org/hibernate/common/hibernate-commons-annotations/5.0.4.Final/hibernate-commons-annotations-5.0.4.Final.jar:/home/pc/.m2/repository/javax/xml/bind/jaxb-api/2.4.0-b180830.0359/jaxb-api-2.4.0-b180830.0359.jar:/home/pc/.m2/repository/org/glassfish/jaxb/jaxb-runtime/2.3.1/jaxb-runtime-2.3.1.jar:/home/pc/.m2/repository/org/glassfish/jaxb/txw2/2.3.1/txw2-2.3.1.jar:/home/pc/.m2/repository/com/sun/istack/istack-commons-runtime/3.0.10/istack-commons-runtime-3.0.10.jar:/home/pc/.m2/repository/org/jvnet/staxex/stax-ex/1.8/stax-ex-1.8.jar:/home/pc/.m2/repository/com/sun/xml/fastinfoset/FastInfoset/1.2.15/FastInfoset-1.2.15.jar:/home/pc/.m2/repository/io/undertow/undertow-core/2.1.3.Final/undertow-core-2.1.3.Final.jar:/home/pc/.m2/repository/org/jboss/xnio/xnio-api/3.8.0.Final/xnio-api-3.8.0.Final.jar:/home/pc/.m2/repository/org/wildfly/common/wildfly-common/1.5.2.Final/wildfly-common-1.5.2.Final.jar:/home/pc/.m2/repository/org/wildfly/client/wildfly-client-config/1.0.1.Final/wildfly-client-config-1.0.1.Final.jar:/home/pc/.m2/repository/org/jboss/xnio/xnio-nio/3.8.0.Final/xnio-nio-3.8.0.Final.jar:/home/pc/.m2/repository/org/jboss/threads/jboss-threads/3.1.0.Final/jboss-threads-3.1.0.Final.jar:/home/pc/.m2/repository/io/undertow/undertow-servlet/2.1.3.Final/undertow-servlet-2.1.3.Final.jar:/home/pc/.m2/repository/org/jboss/spec/javax/servlet/jboss-servlet-api_4.0_spec/2.0.0.Final/jboss-servlet-api_4.0_spec-2.0.0.Final.jar:/home/pc/.m2/repository/org/jboss/spec/javax/annotation/jboss-annotations-api_1.3_spec/2.0.1.Final/jboss-annotations-api_1.3_spec-2.0.1.Final.jar:/home/pc/.m2/repository/org/jboss/resteasy/resteasy-undertow/3.12.1.Final/resteasy-undertow-3.12.1.Final.jar:/home/pc/.m2/repository/org/jboss/resteasy/resteasy-jaxrs/3.12.1.Final/resteasy-jaxrs-3.12.1.Final.jar:/home/pc/.m2/repository/org/jboss/spec/javax/xml/bind/jboss-jaxb-api_2.3_spec/2.0.0.Final/jboss-jaxb-api_2.3_spec-2.0.0.Final.jar:/home/pc/.m2/repository/org/reactivestreams/reactive-streams/1.0.3/reactive-streams-1.0.3.jar:/home/pc/.m2/repository/jakarta/validation/jakarta.validation-api/2.0.2/jakarta.validation-api-2.0.2.jar:/home/pc/.m2/repository/org/apache/httpcomponents/httpclient/4.5.12/httpclient-4.5.12.jar:/home/pc/.m2/repository/org/apache/httpcomponents/httpcore/4.4.13/httpcore-4.4.13.jar:/home/pc/.m2/repository/commons-logging/commons-logging/1.2/commons-logging-1.2.jar:/home/pc/.m2/repository/org/jboss/resteasy/resteasy-client/3.12.1.Final/resteasy-client-3.12.1.Final.jar:/home/pc/.m2/repository/junit/junit/4.12/junit-4.12.jar:/home/pc/.m2/repository/org/hamcrest/hamcrest-core/1.3/hamcrest-core-1.3.jar:/home/pc/.m2/repository/com/fasterxml/jackson/dataformat/jackson-dataformat-yaml/2.11.1/jackson-dataformat-yaml-2.11.1.jar:/home/pc/.m2/repository/org/yaml/snakeyaml/1.26/snakeyaml-1.26.jar:"/>
    <property name="java.vm.vendor" value="Private Build"/>
    <property name="sun.arch.data.model" value="64"/>
    <property name="java.vendor.url" value="http://java.oracle.com/"/>
    <property name="user.timezone" value=""/>
    <property name="java.vm.specification.version" value="1.8"/>
    <property name="os.name" value="Linux"/>
    <property name="user.country" value="US"/>
    <property name="sun.java.launcher" value="SUN_STANDARD"/>
    <property name="sun.boot.library.path" value="/usr/lib/jvm/java-8-openjdk-amd64/jre/lib/amd64"/>
    <property name="sun.java.command" value="/home/pc/IdeaProjects/keycloak-oidc-federation/keycloak-oidc-federation/target/surefire/surefirebooter2601377390174922110.jar /home/pc/IdeaProjects/keycloak-oidc-federation/keycloak-oidc-federation/target/surefire 2021-02-26T14-25-58_570-jvmRun1 surefire8991307397658156808tmp surefire_08242379859307743867tmp"/>
    <property name="surefire.test.class.path" value="/home/pc/IdeaProjects/keycloak-oidc-federation/keycloak-oidc-federation/target/test-classes:/home/pc/IdeaProjects/keycloak-oidc-federation/keycloak-oidc-federation/target/classes:/home/pc/.m2/repository/org/keycloak/keycloak-core/11.0.1/keycloak-core-11.0.1.jar:/home/pc/.m2/repository/org/bouncycastle/bcprov-jdk15on/1.65/bcprov-jdk15on-1.65.jar:/home/pc/.m2/repository/org/bouncycastle/bcpkix-jdk15on/1.65/bcpkix-jdk15on-1.65.jar:/home/pc/.m2/repository/org/keycloak/keycloak-services/11.0.1/keycloak-services-11.0.1.jar:/home/pc/.m2/repository/com/sun/mail/jakarta.mail/1.6.5/jakarta.mail-1.6.5.jar:/home/pc/.m2/repository/org/glassfish/jakarta.json/1.1.6/jakarta.json-1.1.6.jar:/home/pc/.m2/repository/org/twitter4j/twitter4j-core/4.0.7/twitter4j-core-4.0.7.jar:/home/pc/.m2/repository/org/jboss/spec/javax/ws/rs/jboss-jaxrs-api_2.1_spec/2.0.1.Final/jboss-jaxrs-api_2.1_spec-2.0.1.Final.jar:/home/pc/.m2/repository/org/jboss/spec/javax/transaction/jboss-transaction-api_1.3_spec/2.0.0.Final/jboss-transaction-api_1.3_spec-2.0.0.Final.jar:/home/pc/.m2/repository/org/jboss/resteasy/resteasy-multipart-provider/3.12.1.Final/resteasy-multipart-provider-3.12.1.Final.jar:/home/pc/.m2/repository/org/jboss/resteasy/resteasy-jaxb-provider/3.12.1.Final/resteasy-jaxb-provider-3.12.1.Final.jar:/home/pc/.m2/repository/org/apache/james/apache-mime4j/0.6/apache-mime4j-0.6.jar:/home/pc/.m2/repository/com/googlecode/owasp-java-html-sanitizer/owasp-java-html-sanitizer/20191001.1/owasp-java-html-sanitizer-20191001.1.jar:/home/pc/.m2/repository/com/google/guava/guava/25.0-jre/guava-25.0-jre.jar:/home/pc/.m2/repository/com/google/code/findbugs/jsr305/1.3.9/jsr305-1.3.9.jar:/home/pc/.m2/repository/org/checkerframework/checker-compat-qual/2.0.0/checker-compat-qual-2.0.0.jar:/home/pc/.m2/repository/com/google/errorprone/error_prone_annotations/2.1.3/error_prone_annotations-2.1.3.jar:/home/pc/.m2/repository/com/google/j2objc/j2objc-annotations/1.1/j2objc-annotations-1.1.jar:/home/pc/.m2/repository/org/codehaus/mojo/animal-sniffer-annotations/1.14/animal-sniffer-annotations-1.14.jar:/home/pc/.m2/repository/com/fasterxml/jackson/core/jackson-annotations/2.10.4/jackson-annotations-2.10.4.jar:/home/pc/.m2/repository/com/fasterxml/jackson/datatype/jackson-datatype-jdk8/2.10.4/jackson-datatype-jdk8-2.10.4.jar:/home/pc/.m2/repository/com/google/zxing/javase/3.4.0/javase-3.4.0.jar:/home/pc/.m2/repository/com/google/zxing/core/3.4.0/core-3.4.0.jar:/home/pc/.m2/repository/com/github/jai-imageio/jai-imageio-core/1.4.0/jai-imageio-core-1.4.0.jar:/home/pc/.m2/repository/com/openshift/openshift-restclient-java/8.0.0.Final/openshift-restclient-java-8.0.0.Final.jar:/home/pc/.m2/repository/com/squareup/okhttp3/okhttp/3.14.2/okhttp-3.14.2.jar:/home/pc/.m2/repository/com/squareup/okio/okio/1.17.2/okio-1.17.2.jar:/home/pc/.m2/repository/org/jboss/jboss-dmr/1.5.1.Final/jboss-dmr-1.5.1.Final.jar:/home/pc/.m2/repository/commons-io/commons-io/2.6/commons-io-2.6.jar:/home/pc/.m2/repository/org/apache/commons/commons-compress/1.18/commons-compress-1.18.jar:/home/pc/.m2/repository/org/slf4j/slf4j-api/1.7.30/slf4j-api-1.7.30.jar:/home/pc/.m2/repository/org/slf4j/slf4j-log4j12/1.7.30/slf4j-log4j12-1.7.30.jar:/home/pc/.m2/repository/log4j/log4j/1.2.17/log4j-1.2.17.jar:/home/pc/.m2/repository/commons-codec/commons-codec/1.6/commons-codec-1.6.jar:/home/pc/.m2/repository/commons-lang/commons-lang/2.6/commons-lang-2.6.jar:/home/pc/.m2/repository/com/webauthn4j/webauthn4j-core/0.12.0.RELEASE/webauthn4j-core-0.12.0.RELEASE.jar:/home/pc/.m2/repository/com/webauthn4j/webauthn4j-util/0.12.0.RELEASE/webauthn4j-util-0.12.0.RELEASE.jar:/home/pc/.m2/repository/org/apache/kerby/kerby-asn1/2.0.0/kerby-asn1-2.0.0.jar:/home/pc/.m2/repository/com/fasterxml/jackson/dataformat/jackson-dataformat-cbor/2.10.4/jackson-dataformat-cbor-2.10.4.jar:/home/pc/.m2/repository/org/keycloak/keycloak-common/11.0.1/keycloak-common-11.0.1.jar:/home/pc/.m2/repository/com/sun/activation/jakarta.activation/1.2.1/jakarta.activation-1.2.1.jar:/home/pc/.m2/repository/org/keycloak/keycloak-server-spi/11.0.1/keycloak-server-spi-11.0.1.jar:/home/pc/.m2/repository/org/keycloak/keycloak-server-spi-private/11.0.1/keycloak-server-spi-private-11.0.1.jar:/home/pc/.m2/repository/com/github/ua-parser/uap-java/1.4.3/uap-java-1.4.3.jar:/home/pc/.m2/repository/org/apache/commons/commons-collections4/4.1/commons-collections4-4.1.jar:/home/pc/.m2/repository/org/keycloak/keycloak-model-jpa/11.0.1/keycloak-model-jpa-11.0.1.jar:/home/pc/.m2/repository/org/jboss/logging/jboss-logging/3.4.1.Final/jboss-logging-3.4.1.Final.jar:/home/pc/.m2/repository/com/nimbusds/nimbus-jose-jwt/9.0/nimbus-jose-jwt-9.0.jar:/home/pc/.m2/repository/com/github/stephenc/jcip/jcip-annotations/1.0-1/jcip-annotations-1.0-1.jar:/home/pc/.m2/repository/com/fasterxml/jackson/core/jackson-databind/2.10.4/jackson-databind-2.10.4.jar:/home/pc/.m2/repository/com/fasterxml/jackson/core/jackson-core/2.10.4/jackson-core-2.10.4.jar:/home/pc/.m2/repository/org/liquibase/liquibase-core/3.5.5/liquibase-core-3.5.5.jar:/home/pc/.m2/repository/jakarta/persistence/jakarta.persistence-api/2.2.3/jakarta.persistence-api-2.2.3.jar:/home/pc/.m2/repository/org/hibernate/hibernate-core/5.3.17.Final/hibernate-core-5.3.17.Final.jar:/home/pc/.m2/repository/javax/persistence/javax.persistence-api/2.2/javax.persistence-api-2.2.jar:/home/pc/.m2/repository/org/javassist/javassist/3.23.2-GA/javassist-3.23.2-GA.jar:/home/pc/.m2/repository/net/bytebuddy/byte-buddy/1.9.11/byte-buddy-1.9.11.jar:/home/pc/.m2/repository/antlr/antlr/2.7.7/antlr-2.7.7.jar:/home/pc/.m2/repository/org/jboss/spec/javax/transaction/jboss-transaction-api_1.2_spec/1.1.1.Final/jboss-transaction-api_1.2_spec-1.1.1.Final.jar:/home/pc/.m2/repository/org/jboss/jandex/2.0.5.Final/jandex-2.0.5.Final.jar:/home/pc/.m2/repository/com/fasterxml/classmate/1.3.4/classmate-1.3.4.jar:/home/pc/.m2/repository/javax/activation/javax.activation-api/1.2.0/javax.activation-api-1.2.0.jar:/home/pc/.m2/repository/org/dom4j/dom4j/2.1.3/dom4j-2.1.3.jar:/home/pc/.m2/repository/org/hibernate/common/hibernate-commons-annotations/5.0.4.Final/hibernate-commons-annotations-5.0.4.Final.jar:/home/pc/.m2/repository/javax/xml/bind/jaxb-api/2.4.0-b180830.0359/jaxb-api-2.4.0-b180830.0359.jar:/home/pc/.m2/repository/org/glassfish/jaxb/jaxb-runtime/2.3.1/jaxb-runtime-2.3.1.jar:/home/pc/.m2/repository/org/glassfish/jaxb/txw2/2.3.1/txw2-2.3.1.jar:/home/pc/.m2/repository/com/sun/istack/istack-commons-runtime/3.0.10/istack-commons-runtime-3.0.10.jar:/home/pc/.m2/repository/org/jvnet/staxex/stax-ex/1.8/stax-ex-1.8.jar:/home/pc/.m2/repository/com/sun/xml/fastinfoset/FastInfoset/1.2.15/FastInfoset-1.2.15.jar:/home/pc/.m2/repository/io/undertow/undertow-core/2.1.3.Final/undertow-core-2.1.3.Final.jar:/home/pc/.m2/repository/org/jboss/xnio/xnio-api/3.8.0.Final/xnio-api-3.8.0.Final.jar:/home/pc/.m2/repository/org/wildfly/common/wildfly-common/1.5.2.Final/wildfly-common-1.5.2.Final.jar:/home/pc/.m2/repository/org/wildfly/client/wildfly-client-config/1.0.1.Final/wildfly-client-config-1.0.1.Final.jar:/home/pc/.m2/repository/org/jboss/xnio/xnio-nio/3.8.0.Final/xnio-nio-3.8.0.Final.jar:/home/pc/.m2/repository/org/jboss/threads/jboss-threads/3.1.0.Final/jboss-threads-3.1.0.Final.jar:/home/pc/.m2/repository/io/undertow/undertow-servlet/2.1.3.Final/undertow-servlet-2.1.3.Final.jar:/home/pc/.m2/repository/org/jboss/spec/javax/servlet/jboss-servlet-api_4.0_spec/2.0.0.Final/jboss-servlet-api_4.0_spec-2.0.0.Final.jar:/home/pc/.m2/repository/org/jboss/spec/javax/annotation/jboss-annotations-api_1.3_spec/2.0.1.Final/jboss-annotations-api_1.3_spec-2.0.1.Final.jar:/home/pc/.m2/repository/org/jboss/resteasy/resteasy-undertow/3.12.1.Final/resteasy-undertow-3.12.1.Final.jar:/home/pc/.m2/repository/org/jboss/resteasy/resteasy-jaxrs/3.12.1.Final/resteasy-jaxrs-3.12.1.Final.jar:/home/pc/.m2/repository/org/jboss/spec/javax/xml/bind/jboss-jaxb-api_2.3_spec/2.0.0.Final/jboss-jaxb-api_2.3_spec-2.0.0.Final.jar:/home/pc/.m2/repository/org/reactivestreams/reactive-streams/1.0.3/reactive-streams-1.0.3.jar:/home/pc/.m2/repository/jakarta/validation/jakarta.validation-api/2.0.2/jakarta.validation-api-2.0.2.jar:/home/pc/.m2/repository/org/apache/httpcomponents/httpclient/4.5.12/httpclient-4.5.12.jar:/home/pc/.m2/repository/org/apache/httpcomponents/httpcore/4.4.13/httpcore-4.4.13.jar:/home/pc/.m2/repository/commons-logging/commons-logging/1.2/commons-logging-1.2.jar:/home/pc/.m2/repository/org/jboss/resteasy/resteasy-client/3.12.1.Final/resteasy-client-3.12.1.Final.jar:/home/pc/.m2/repository/junit/junit/4.12/junit-4.12.jar:/home/pc/.m2/repository/org/hamcrest/hamcrest-core/1.3/hamcrest-core-1.3.jar:/home/pc/.m2/repository/com/fasterxml/jackson/dataformat/jackson-dataformat-yaml/2.11.1/jackson-dataformat-yaml-2.11.1.jar:/home/pc/.m2/repository/org/yaml/snakeyaml/1.26/snakeyaml-1.26.jar:"/>
    <property name="sun.cpu.endian" value="little"/>
    <property name="user.home" value="/home/pc"/>
    <property name="user.language" value="en"/>
    <property name="java.specification.vendor" value="Oracle Corporation"/>
    <property name="java.home" value="/usr/lib/jvm/java-8-openjdk-amd64/jre"/>
    <property name="basedir" value="/home/pc/IdeaProjects/keycloak-oidc-federation/keycloak-oidc-federation"/>
    <property name="file.separator" value="/"/>
    <property name="line.separator" value="&#10;"/>
    <property name="java.vm.specification.vendor" value="Oracle Corporation"/>
    <property name="java.specification.name" value="Java Platform API Specification"/>
    <property name="java.awt.graphicsenv" value="sun.awt.X11GraphicsEnvironment"/>
    <property name="java.awt.headless" value="true"/>
    <property name="surefire.real.class.path" value="/home/pc/IdeaProjects/keycloak-oidc-federation/keycloak-oidc-federation/target/surefire/surefirebooter2601377390174922110.jar"/>
    <property name="sun.boot.class.path" value="/usr/lib/jvm/java-8-openjdk-amd64/jre/lib/resources.jar:/usr/lib/jvm/java-8-openjdk-amd64/jre/lib/rt.jar:/usr/lib/jvm/java-8-openjdk-amd64/jre/lib/sunrsasign.jar:/usr/lib/jvm/java-8-openjdk-amd64/jre/lib/jsse.jar:/usr/lib/jvm/java-8-openjdk-amd64/jre/lib/jce.jar:/usr/lib/jvm/java-8-openjdk-amd64/jre/lib/charsets.jar:/usr/lib/jvm/java-8-openjdk-amd64/jre/lib/jfr.jar:/usr/lib/jvm/java-8-openjdk-amd64/jre/classes"/>
    <property name="sun.management.compiler" value="HotSpot 64-Bit Tiered Compilers"/>
    <property name="java.runtime.version" value="1.8.0_282-8u282-b08-0ubuntu1~18.04-b08"/>
    <property name="user.name" value="pc"/>
    <property name="path.separator" value=":"/>
    <property name="os.version" value="5.4.0-65-generic"/>
    <property name="java.endorsed.dirs" value="/usr/lib/jvm/java-8-openjdk-amd64/jre/lib/endorsed"/>
    <property name="java.runtime.name" value="OpenJDK Runtime Environment"/>
    <property name="file.encoding" value="UTF-8"/>
    <property name="java.vm.name" value="OpenJDK 64-Bit Server VM"/>
    <property name="localRepository" value="/home/pc/.m2/repository"/>
    <property name="java.vendor.url.bug" value="http://bugreport.sun.com/bugreport/"/>
    <property name="java.io.tmpdir" value="/home/pc/IdeaProjects/keycloak-oidc-federation/keycloak-oidc-federation/target"/>
    <property name="java.version" value="1.8.0_282"/>
    <property name="user.dir" value="/home/pc/IdeaProjects/keycloak-oidc-federation/keycloak-oidc-federation"/>
    <property name="os.arch" value="amd64"/>
    <property name="java.vm.specification.name" value="Java Virtual Machine Specification"/>
    <property name="java.awt.printerjob" value="sun.print.PSPrinterJob"/>
    <property name="sun.os.patch.level" value="unknown"/>
    <property name="java.library.path" value="/usr/java/packages/lib/amd64:/usr/lib/x86_64-linux-gnu/jni:/lib/x86_64-linux-gnu:/usr/lib/x86_64-linux-gnu:/usr/lib/jni:/lib:/usr/lib"/>
    <property name="java.vm.info" value="mixed mode"/>
    <property name="java.vendor" value="Private Build"/>
    <property name="java.vm.version" value="25.282-b08"/>
    <property name="java.ext.dirs" value="/usr/lib/jvm/java-8-openjdk-amd64/jre/lib/ext:/usr/java/packages/lib/ext"/>
    <property name="sun.io.unicode.encoding" value="UnicodeLittle"/>
    <property name="java.class.version" value="52.0"/>
  </properties>
  <testcase name="test1" classname="org.keycloak.protocol.oidc.federation.tests.TestTrustChains" time="1.354"/>
  <testcase name="test2" classname="org.keycloak.protocol.oidc.federation.tests.TestTrustChains" time="0.157"/>
</testsuite>